<?xml version="1.0" encoding="UTF-8"?>
<!-- Generated by org.testng.reporters.JUnitXMLReporter -->
<testsuite hostname="MININT-F9QT6ID" ignored="0" tests="10" failures="0" timestamp="2020-02-13T11:01:34 IST" time="38.693" errors="0">
  <testcase name="TestCase1" time="25.409" classname="TestScript"/>
  <testcase name="TestCase10" time="3.103" classname="TestScript"/>
  <testcase name="TestCase2" time="0.852" classname="TestScript"/>
  <testcase name="TestCase3" time="0.71" classname="TestScript"/>
  <testcase name="TestCase4" time="0.862" classname="TestScript"/>
  <testcase name="TestCase5" time="1.381" classname="TestScript"/>
  <testcase name="TestCase6" time="0.685" classname="TestScript"/>
  <testcase name="TestCase7" time="1.085" classname="TestScript"/>
  <testcase name="TestCase8" time="3.068" classname="TestScript"/>
  <testcase name="TestCase9" time="1.082" classname="TestScript"/>
</testsuite>
