<?xml version="1.0" encoding="UTF-8"?>
<!-- Generated by org.testng.reporters.JUnitXMLReporter -->
<testsuite hostname="MININT-F9QT6ID" ignored="0" tests="10" failures="0" timestamp="2020-02-13T11:32:59 IST" time="8.663" errors="0">
  <testcase name="TestCase1" time="3.191" classname="TestScript"/>
  <testcase name="TestCase10" time="0.09" classname="TestScript"/>
  <testcase name="TestCase2" time="0.054" classname="TestScript"/>
  <testcase name="TestCase3" time="1.056" classname="TestScript"/>
  <testcase name="TestCase4" time="0.056" classname="TestScript"/>
  <testcase name="TestCase5" time="0.083" classname="TestScript"/>
  <testcase name="TestCase6" time="0.067" classname="TestScript"/>
  <testcase name="TestCase7" time="0.033" classname="TestScript"/>
  <testcase name="TestCase8" time="3.59" classname="TestScript"/>
  <testcase name="TestCase9" time="0.073" classname="TestScript"/>
</testsuite>
